latexml (LaTeXML version 0.8.7) processing algo_desc.tex
(Digesting TeX algo_desc...
(Loading /opt/homebrew/Cellar/latexml/0.8.7_1/libexec/lib/perl5/LaTeXML/Package/TeX.pool.ltxml...
(Loading /opt/homebrew/Cellar/latexml/0.8.7_1/libexec/lib/perl5/LaTeXML/Package/eTeX.pool.ltxml... 0.00 sec)
(Loading /opt/homebrew/Cellar/latexml/0.8.7_1/libexec/lib/perl5/LaTeXML/Package/pdfTeX.pool.ltxml... 0.00 sec) 0.04 sec)
(Processing content /Users/rwx/QC/QC/QIP_paper/algo_desc.tex...
(Loading /opt/homebrew/Cellar/latexml/0.8.7_1/libexec/lib/perl5/LaTeXML/Package/LaTeX.pool.ltxml...
(Loading /opt/homebrew/Cellar/latexml/0.8.7_1/libexec/lib/perl5/LaTeXML/Package/textcomp.sty.ltxml...
(Processing definitions /usr/local/texlive/2023basic/texmf-dist/tex/latex-dev/base/ts1enc.dfu... 0.01 sec) 0.04 sec) 0.10 sec)
(Loading /opt/homebrew/Cellar/latexml/0.8.7_1/libexec/lib/perl5/LaTeXML/Package/article.cls.ltxml... 0.00 sec)
(Loading /opt/homebrew/Cellar/latexml/0.8.7_1/libexec/lib/perl5/LaTeXML/Package/geometry.sty.ltxml...
(Loading /opt/homebrew/Cellar/latexml/0.8.7_1/libexec/lib/perl5/LaTeXML/Package/keyval.sty.ltxml...
(Processing definitions /usr/local/texlive/2023basic/texmf-dist/tex/latex/graphics/keyval.sty... 0.00 sec) 0.00 sec)
(Loading /opt/homebrew/Cellar/latexml/0.8.7_1/libexec/lib/perl5/LaTeXML/Package/ifpdf.sty.ltxml... 0.00 sec)
(Loading /opt/homebrew/Cellar/latexml/0.8.7_1/libexec/lib/perl5/LaTeXML/Package/ifvtex.sty.ltxml...
(Loading /opt/homebrew/Cellar/latexml/0.8.7_1/libexec/lib/perl5/LaTeXML/Package/iftex.sty.ltxml... 0.00 sec) 0.00 sec)
(Loading /opt/homebrew/Cellar/latexml/0.8.7_1/libexec/lib/perl5/LaTeXML/Package/ifxetex.sty.ltxml... 0.00 sec) 0.01 sec)
(Loading /opt/homebrew/Cellar/latexml/0.8.7_1/libexec/lib/perl5/LaTeXML/Package/braket.sty.ltxml... 0.00 sec)
(Loading /opt/homebrew/Cellar/latexml/0.8.7_1/libexec/lib/perl5/LaTeXML/Package/amsmath.sty.ltxml...
(Loading /opt/homebrew/Cellar/latexml/0.8.7_1/libexec/lib/perl5/LaTeXML/Package/amsbsy.sty.ltxml...
(Loading /opt/homebrew/Cellar/latexml/0.8.7_1/libexec/lib/perl5/LaTeXML/Package/amsgen.sty.ltxml... 0.00 sec) 0.00 sec)
(Loading /opt/homebrew/Cellar/latexml/0.8.7_1/libexec/lib/perl5/LaTeXML/Package/amstext.sty.ltxml... 0.00 sec)
(Loading /opt/homebrew/Cellar/latexml/0.8.7_1/libexec/lib/perl5/LaTeXML/Package/amsopn.sty.ltxml... 0.00 sec) 0.02 sec)
(Loading /opt/homebrew/Cellar/latexml/0.8.7_1/libexec/lib/perl5/LaTeXML/Package/graphicx.sty.ltxml...
(Loading /opt/homebrew/Cellar/latexml/0.8.7_1/libexec/lib/perl5/LaTeXML/Package/graphics.sty.ltxml... 0.00 sec) 0.01 sec) 0.42 sec) 0.47 sec)
(Building...
(Loading compiled schema /opt/homebrew/Cellar/latexml/0.8.7_1/libexec/lib/perl5/LaTeXML/resources/RelaxNG/LaTeXML.model... 0.00 sec) 0.41 sec)
(Rewriting... 0.02 sec)
(Math Parsing 136 formulae ......
Warning:not_parsed:UNKNOWN>RELOP MathParser failed to match rule 'Anything'
	at algo_desc.tex; line 28 col 40 - line 28 col 65
	In "$K\subset\{0,,,2^{n}-1\}$"
	K[[UNKNOWN]]
	        > ⊂[[RELOP]] \{[[OPEN]] 0[[NUMBER]] ,[[PUNCT]] ,[[PUNCT]] ,[[PUNCT]] 2[[NUMBER]] ^{n}[[POSTSUPERSCRIPT]] -[[ADDOP]] 1[[NUMBER]] \}[[CLOSE]]
Warning:not_parsed:ATOM.RELOP.ATOM>MULOP MathParser failed to match rule 'Anything'
	at algo_desc.tex; line 138 col 2 - line 138 col 120
	In "$$\ket{x^{\prime(-)}(a,p)}=\ket{0_{n-p-2}}\otimes(\ket{\psi_{1}}\otimes\ket{a}%
	+\otimes\ket{\psi_{2}}\otimes\ket{0})$$"
	\ket{x^{\prime(-)}(a,p)}[[UNKNOWN]] =[[RELOP]] \ket{0_{n-p-2}}[[UNKNOWN]]
	        > ⊗[[MULOP]] ([[OPEN]] \ket{\psi_{1}}[[UNKNOWN]] ⊗[[MULOP]] \ket{a}[[UNKNOWN]] +[[ADDOP]] ⊗[[MULOP]] \ket{\psi_{2}}[[UNKNOWN]] ⊗[[MULOP]] \ket{0}[[UNKNOWN]] )[[CLOSE]]
 1.01 sec)
Math parsing succeeded:
   ltx:XMWrap: 120/120
   ltx:XMath: 134/136
   ltx:XMArg: 273/273
Symbols assumed as simple identifiers (with # of occurences):
   'C{italic}' (6), 'D{italic}' (6), 'K{italic}' (19), 'X{italic}' (6), 'a{italic}' (11), 'b{italic}' (12), 'c{italic}' (10), 'epsilon' (1), 'g{italic}' (9), 'i{italic}' (13), 'j{italic}' (2), 'k{italic}' (2), 'l{italic}' (2), 'm{italic}' (2), 'n{italic}' (5), 'p{italic}' (13)
Set MATHPARSER_SPECULATE to speculate on possible notations.
(Finalizing... 0.13 sec)
Conversion complete 2 warnings (See /Users/rwx/QC/QC/QIP_paper/algo_desc.latexml.log) (reqd. 2.11s)
